2023-01-25T09:13:35.410+0700	INFO	running	{"service_group": "scraphook.attempt", "version": "2023.115.1104", "fn": "cli.serve", "service_name": "examiner"}
2023-01-25T09:13:35.412+0700	DEBUG	connected	{"service_group": "scraphook.attempt", "version": "2023.115.1104", "pkg": "database.sql"}
2023-01-25T09:13:35.414+0700	DEBUG	connected	{"service_group": "scraphook.attempt", "version": "2023.115.1104", "pkg": "scrapstream.msgbus.nats"}
2023-01-25T09:13:35.423+0700	DEBUG	found stream	{"service_group": "scraphook.attempt", "version": "2023.115.1104", "pkg": "scrapstream.msgbus.nats", "stream_name": "scraphook", "stream_cfg": {"name":"scraphook","subjects":["earth.scraphook.>"],"retention":"limits","max_consumers":-1,"max_msgs":524288,"max_bytes":8388608,"discard":"old","max_age":3600000000000,"max_msgs_per_subject":-1,"max_msg_size":-1,"storage":"file","num_replicas":3,"duplicate_window":120000000000,"allow_direct":false,"mirror_direct":false}}
2023-01-25T09:13:35.423+0700	DEBUG	connected	{"service_group": "scraphook.attempt", "version": "2023.115.1104", "pkg": "scraphook.attempt.application"}
2023-01-25T09:13:35.827+0700	DEBUG	subscribed	{"service_group": "scraphook.attempt", "version": "2023.115.1104", "pkg": "scrapstream.msgbus.nats", "subject": "earth.scraphook.*.*.attempt.trigger.request", "queue": "examine_request_queue_2KnaUNrg3UtkaSBqzexAKv9J3Ja"}
2023-01-25T09:13:35.827+0700	DEBUG	registered	{"service_group": "scraphook.attempt", "version": "2023.115.1104", "service": "examiner", "queue_name": "examine_request_queue_2KnaUNrg3UtkaSBqzexAKv9J3Ja"}
2023-01-25T09:13:35.827+0700	DEBUG	connected	{"service_group": "scraphook.attempt", "version": "2023.115.1104", "service": "examiner"}
2023-01-25T09:13:35.827+0700	DEBUG	running	{"service_group": "scraphook.attempt", "version": "2023.115.1104", "service": "examiner"}
2023-01-25T09:13:39.569+0700	DEBUG	got event	{"service_group": "scraphook.attempt", "version": "2023.115.1104", "pkg": "scrapstream.msgbus.nats", "event_key": "ws_default/wh_demo/attempt.trigger.request/event_2KnaUsYWFP61jhEnumS0QJUy2KI"}
2023-01-25T09:13:39.569+0700	DEBUG	parsed trigger from event	{"service_group": "scraphook.attempt", "version": "2023.115.1104", "pkg": "scraphook.attempt.application", "event_key": "ws_default/wh_demo/attempt.trigger.request/event_2KnaUsYWFP61jhEnumS0QJUy2KI", "trigger_key": "ws_default/wh_demo/ep_httpbinput"}
2023-01-25T09:13:39.570+0700	DEBUG	SELECT * FROM `requests` WHERE status in (0,-1) AND endpoint_id = "ep_httpbinput" AND timestamps >= 1674601200000 AND timestamps <= 1674604799999 ORDER BY id ASC LIMIT 100	{"service_group": "scraphook.attempt", "version": "2023.115.1104", "rows": 0, "time": 1.359952}
2023-01-25T09:13:39.570+0700	WARN	no request to mark as attempt	{"service_group": "scraphook.attempt", "version": "2023.115.1104", "pkg": "scraphook.attempt.application", "event_key": "ws_default/wh_demo/attempt.trigger.request/event_2KnaUsYWFP61jhEnumS0QJUy2KI"}
2023-01-25T09:13:39.570+0700	WARN	no request to mark as attempt	{"service_group": "scraphook.attempt", "version": "2023.115.1104", "pkg": "scraphook.attempt.application", "event_key": "ws_default/wh_demo/attempt.trigger.request/event_2KnaUsYWFP61jhEnumS0QJUy2KI"}
2023-01-25T09:13:39.570+0700	WARN	found no request to attempt	{"service_group": "scraphook.attempt", "version": "2023.115.1104", "pkg": "scraphook.attempt.application", "event_key": "ws_default/wh_demo/attempt.trigger.request/event_2KnaUsYWFP61jhEnumS0QJUy2KI"}
2023-01-25T09:13:39.570+0700	DEBUG	examine successfully	{"service_group": "scraphook.attempt", "version": "2023.115.1104", "pkg": "scraphook.attempt.application", "event_key": "ws_default/wh_demo/attempt.trigger.request/event_2KnaUsYWFP61jhEnumS0QJUy2KI", "request_count": 0}
2023-01-25T09:13:39.570+0700	DEBUG	processed event	{"service_group": "scraphook.attempt", "version": "2023.115.1104", "pkg": "scrapstream.msgbus.nats", "event_key": "ws_default/wh_demo/attempt.trigger.request/event_2KnaUsYWFP61jhEnumS0QJUy2KI"}
2023-01-25T09:13:39.570+0700	DEBUG	got event	{"service_group": "scraphook.attempt", "version": "2023.115.1104", "pkg": "scrapstream.msgbus.nats", "event_key": "ws_default/wh_demo/attempt.trigger.request/event_2KnaUtCs88Fq64SCrlSV4y3kw3y"}
2023-01-25T09:13:39.570+0700	DEBUG	parsed trigger from event	{"service_group": "scraphook.attempt", "version": "2023.115.1104", "pkg": "scraphook.attempt.application", "event_key": "ws_default/wh_demo/attempt.trigger.request/event_2KnaUtCs88Fq64SCrlSV4y3kw3y", "trigger_key": "ws_default/wh_demo/ep_httpbinpost"}
2023-01-25T09:13:39.571+0700	DEBUG	SELECT * FROM `requests` WHERE status in (0,-1) AND endpoint_id = "ep_httpbinpost" AND timestamps >= 1674608400000 AND timestamps <= 1674611999999 ORDER BY id ASC LIMIT 100	{"service_group": "scraphook.attempt", "version": "2023.115.1104", "rows": 1, "time": 0.953597}
2023-01-25T09:13:39.573+0700	DEBUG	UPDATE `requests` SET `status`=-1 WHERE id in ("req_2KnVcV98hEWERequlspX6f0y9oJ")	{"service_group": "scraphook.attempt", "version": "2023.115.1104", "rows": 1, "time": 1.357274}
2023-01-25T09:13:39.573+0700	DEBUG	examine successfully	{"service_group": "scraphook.attempt", "version": "2023.115.1104", "pkg": "scraphook.attempt.application", "event_key": "ws_default/wh_demo/attempt.trigger.request/event_2KnaUtCs88Fq64SCrlSV4y3kw3y", "request_count": 1}
2023-01-25T09:13:39.573+0700	DEBUG	processed event	{"service_group": "scraphook.attempt", "version": "2023.115.1104", "pkg": "scrapstream.msgbus.nats", "event_key": "ws_default/wh_demo/attempt.trigger.request/event_2KnaUtCs88Fq64SCrlSV4y3kw3y"}
2023-01-25T09:13:39.573+0700	DEBUG	got event	{"service_group": "scraphook.attempt", "version": "2023.115.1104", "pkg": "scrapstream.msgbus.nats", "event_key": "ws_default/wh_demo/attempt.trigger.request/event_2KnaUw94CXQxOLsuuWhBlEKjLEN"}
2023-01-25T09:13:39.573+0700	DEBUG	parsed trigger from event	{"service_group": "scraphook.attempt", "version": "2023.115.1104", "pkg": "scraphook.attempt.application", "event_key": "ws_default/wh_demo/attempt.trigger.request/event_2KnaUw94CXQxOLsuuWhBlEKjLEN", "trigger_key": "ws_default/wh_demo/ep_httpbinpost"}
2023-01-25T09:13:39.574+0700	DEBUG	SELECT * FROM `requests` WHERE status in (0,-1) AND endpoint_id = "ep_httpbinpost" AND timestamps >= 1674604800000 AND timestamps <= 1674608399999 ORDER BY id ASC LIMIT 100	{"service_group": "scraphook.attempt", "version": "2023.115.1104", "rows": 0, "time": 1.413626}
2023-01-25T09:13:39.574+0700	WARN	no request to mark as attempt	{"service_group": "scraphook.attempt", "version": "2023.115.1104", "pkg": "scraphook.attempt.application", "event_key": "ws_default/wh_demo/attempt.trigger.request/event_2KnaUw94CXQxOLsuuWhBlEKjLEN"}
2023-01-25T09:13:39.574+0700	WARN	no request to mark as attempt	{"service_group": "scraphook.attempt", "version": "2023.115.1104", "pkg": "scraphook.attempt.application", "event_key": "ws_default/wh_demo/attempt.trigger.request/event_2KnaUw94CXQxOLsuuWhBlEKjLEN"}
2023-01-25T09:13:39.574+0700	WARN	found no request to attempt	{"service_group": "scraphook.attempt", "version": "2023.115.1104", "pkg": "scraphook.attempt.application", "event_key": "ws_default/wh_demo/attempt.trigger.request/event_2KnaUw94CXQxOLsuuWhBlEKjLEN"}
2023-01-25T09:13:39.574+0700	DEBUG	examine successfully	{"service_group": "scraphook.attempt", "version": "2023.115.1104", "pkg": "scraphook.attempt.application", "event_key": "ws_default/wh_demo/attempt.trigger.request/event_2KnaUw94CXQxOLsuuWhBlEKjLEN", "request_count": 0}
2023-01-25T09:13:39.574+0700	DEBUG	processed event	{"service_group": "scraphook.attempt", "version": "2023.115.1104", "pkg": "scrapstream.msgbus.nats", "event_key": "ws_default/wh_demo/attempt.trigger.request/event_2KnaUw94CXQxOLsuuWhBlEKjLEN"}
2023-01-25T09:13:39.574+0700	DEBUG	got event	{"service_group": "scraphook.attempt", "version": "2023.115.1104", "pkg": "scrapstream.msgbus.nats", "event_key": "ws_default/wh_demo/attempt.trigger.request/event_2KnaUxoxAjE9jW5lqM73034NwF1"}
2023-01-25T09:13:39.574+0700	DEBUG	parsed trigger from event	{"service_group": "scraphook.attempt", "version": "2023.115.1104", "pkg": "scraphook.attempt.application", "event_key": "ws_default/wh_demo/attempt.trigger.request/event_2KnaUxoxAjE9jW5lqM73034NwF1", "trigger_key": "ws_default/wh_demo/ep_httpbinpost"}
2023-01-25T09:13:39.575+0700	DEBUG	SELECT * FROM `requests` WHERE status in (0,-1) AND endpoint_id = "ep_httpbinpost" AND timestamps >= 1674601200000 AND timestamps <= 1674604799999 ORDER BY id ASC LIMIT 100	{"service_group": "scraphook.attempt", "version": "2023.115.1104", "rows": 0, "time": 0.806066}
2023-01-25T09:13:39.575+0700	WARN	no request to mark as attempt	{"service_group": "scraphook.attempt", "version": "2023.115.1104", "pkg": "scraphook.attempt.application", "event_key": "ws_default/wh_demo/attempt.trigger.request/event_2KnaUxoxAjE9jW5lqM73034NwF1"}
2023-01-25T09:13:39.575+0700	WARN	no request to mark as attempt	{"service_group": "scraphook.attempt", "version": "2023.115.1104", "pkg": "scraphook.attempt.application", "event_key": "ws_default/wh_demo/attempt.trigger.request/event_2KnaUxoxAjE9jW5lqM73034NwF1"}
2023-01-25T09:13:39.575+0700	WARN	found no request to attempt	{"service_group": "scraphook.attempt", "version": "2023.115.1104", "pkg": "scraphook.attempt.application", "event_key": "ws_default/wh_demo/attempt.trigger.request/event_2KnaUxoxAjE9jW5lqM73034NwF1"}
2023-01-25T09:13:39.575+0700	DEBUG	examine successfully	{"service_group": "scraphook.attempt", "version": "2023.115.1104", "pkg": "scraphook.attempt.application", "event_key": "ws_default/wh_demo/attempt.trigger.request/event_2KnaUxoxAjE9jW5lqM73034NwF1", "request_count": 0}
2023-01-25T09:13:39.576+0700	DEBUG	processed event	{"service_group": "scraphook.attempt", "version": "2023.115.1104", "pkg": "scrapstream.msgbus.nats", "event_key": "ws_default/wh_demo/attempt.trigger.request/event_2KnaUxoxAjE9jW5lqM73034NwF1"}
2023-01-25T09:13:39.576+0700	DEBUG	got event	{"service_group": "scraphook.attempt", "version": "2023.115.1104", "pkg": "scrapstream.msgbus.nats", "event_key": "ws_default/wh_demo/attempt.trigger.request/event_2KnaUvVkr08zpai5g4Nraa8enPa"}
2023-01-25T09:13:39.576+0700	DEBUG	published	{"service_group": "scraphook.attempt", "version": "2023.115.1104", "pkg": "scrapstream.msgbus.nats", "event_key": "ws_default/wh_demo/webhook.schedule.request/event_2KnaUspGNQUwpSbNKOPTs4lOPqY", "publish_key": "/scraphook/127/event_2KnaUspGNQUwpSbNKOPTs4lOPqY"}
2023-01-25T09:13:39.576+0700	DEBUG	parsed trigger from event	{"service_group": "scraphook.attempt", "version": "2023.115.1104", "pkg": "scraphook.attempt.application", "event_key": "ws_default/wh_demo/attempt.trigger.request/event_2KnaUvVkr08zpai5g4Nraa8enPa", "trigger_key": "ws_default/wh_demo/ep_httpbinput"}
2023-01-25T09:13:39.577+0700	DEBUG	SELECT * FROM `requests` WHERE status in (0,-1) AND endpoint_id = "ep_httpbinput" AND timestamps >= 1674608400000 AND timestamps <= 1674611999999 ORDER BY id ASC LIMIT 100	{"service_group": "scraphook.attempt", "version": "2023.115.1104", "rows": 0, "time": 0.887032}
2023-01-25T09:13:39.577+0700	WARN	no request to mark as attempt	{"service_group": "scraphook.attempt", "version": "2023.115.1104", "pkg": "scraphook.attempt.application", "event_key": "ws_default/wh_demo/attempt.trigger.request/event_2KnaUvVkr08zpai5g4Nraa8enPa"}
2023-01-25T09:13:39.577+0700	WARN	no request to mark as attempt	{"service_group": "scraphook.attempt", "version": "2023.115.1104", "pkg": "scraphook.attempt.application", "event_key": "ws_default/wh_demo/attempt.trigger.request/event_2KnaUvVkr08zpai5g4Nraa8enPa"}
2023-01-25T09:13:39.577+0700	WARN	found no request to attempt	{"service_group": "scraphook.attempt", "version": "2023.115.1104", "pkg": "scraphook.attempt.application", "event_key": "ws_default/wh_demo/attempt.trigger.request/event_2KnaUvVkr08zpai5g4Nraa8enPa"}
2023-01-25T09:13:39.577+0700	DEBUG	examine successfully	{"service_group": "scraphook.attempt", "version": "2023.115.1104", "pkg": "scraphook.attempt.application", "event_key": "ws_default/wh_demo/attempt.trigger.request/event_2KnaUvVkr08zpai5g4Nraa8enPa", "request_count": 0}
2023-01-25T09:13:39.577+0700	DEBUG	processed event	{"service_group": "scraphook.attempt", "version": "2023.115.1104", "pkg": "scrapstream.msgbus.nats", "event_key": "ws_default/wh_demo/attempt.trigger.request/event_2KnaUvVkr08zpai5g4Nraa8enPa"}
2023-01-25T09:13:39.577+0700	DEBUG	got event	{"service_group": "scraphook.attempt", "version": "2023.115.1104", "pkg": "scrapstream.msgbus.nats", "event_key": "ws_default/wh_demo/attempt.trigger.request/event_2KnaUsC91BdzBDpR9Jp2l7A1YEz"}
2023-01-25T09:13:39.577+0700	DEBUG	parsed trigger from event	{"service_group": "scraphook.attempt", "version": "2023.115.1104", "pkg": "scraphook.attempt.application", "event_key": "ws_default/wh_demo/attempt.trigger.request/event_2KnaUsC91BdzBDpR9Jp2l7A1YEz", "trigger_key": "ws_default/wh_demo/ep_httpbinput"}
2023-01-25T09:13:39.577+0700	DEBUG	SELECT * FROM `requests` WHERE status in (0,-1) AND endpoint_id = "ep_httpbinput" AND timestamps >= 1674604800000 AND timestamps <= 1674608399999 ORDER BY id ASC LIMIT 100	{"service_group": "scraphook.attempt", "version": "2023.115.1104", "rows": 0, "time": 0.848817}
2023-01-25T09:13:39.577+0700	WARN	no request to mark as attempt	{"service_group": "scraphook.attempt", "version": "2023.115.1104", "pkg": "scraphook.attempt.application", "event_key": "ws_default/wh_demo/attempt.trigger.request/event_2KnaUsC91BdzBDpR9Jp2l7A1YEz"}
2023-01-25T09:13:39.577+0700	WARN	no request to mark as attempt	{"service_group": "scraphook.attempt", "version": "2023.115.1104", "pkg": "scraphook.attempt.application", "event_key": "ws_default/wh_demo/attempt.trigger.request/event_2KnaUsC91BdzBDpR9Jp2l7A1YEz"}
2023-01-25T09:13:39.578+0700	WARN	found no request to attempt	{"service_group": "scraphook.attempt", "version": "2023.115.1104", "pkg": "scraphook.attempt.application", "event_key": "ws_default/wh_demo/attempt.trigger.request/event_2KnaUsC91BdzBDpR9Jp2l7A1YEz"}
2023-01-25T09:13:39.578+0700	DEBUG	examine successfully	{"service_group": "scraphook.attempt", "version": "2023.115.1104", "pkg": "scraphook.attempt.application", "event_key": "ws_default/wh_demo/attempt.trigger.request/event_2KnaUsC91BdzBDpR9Jp2l7A1YEz", "request_count": 0}
2023-01-25T09:13:39.578+0700	DEBUG	processed event	{"service_group": "scraphook.attempt", "version": "2023.115.1104", "pkg": "scrapstream.msgbus.nats", "event_key": "ws_default/wh_demo/attempt.trigger.request/event_2KnaUsC91BdzBDpR9Jp2l7A1YEz"}
